This file contains any messages produced by compilers while
running configure, to aid debugging if configure makes a mistake.

It was created by configure, which was
generated by GNU Autoconf 2.68.  Invocation command line was

  $ ./configure --enable-dingux --enable-sdlui --enable-embedded --enable-static

## --------- ##
## Platform. ##
## --------- ##

hostname = anonymous
uname -m = x86_64
uname -r = 4.19.47_1
uname -s = Linux
uname -v = #1 SMP PREEMPT Sat Jun 1 07:32:05 UTC 2019

/usr/bin/uname -p = unknown
/bin/uname -X     = unknown

/bin/arch              = x86_64
/usr/bin/arch -k       = unknown
/usr/convex/getsysinfo = unknown
/usr/bin/hostinfo      = unknown
/bin/machine           = unknown
/usr/bin/oslevel       = unknown
/bin/universe          = unknown

PATH: /opt/rs97-toolchain/bin
PATH: /home/anonymous/gems/bin
PATH: /home/anonymous/Documents/Dev/watcom/binl
PATH: /home/anonymous/Applications/Wine4/bin
PATH: /usr/local/bin
PATH: /bin
PATH: /usr/bin
PATH: /usr/local/sbin
PATH: /usr/sbin
PATH: /sbin
PATH: /usr/share/apache-ant/bin


## ----------- ##
## Core tests. ##
## ----------- ##

configure:3477: error: invalid option: --enable-static

## ---------------- ##
## Cache variables. ##
## ---------------- ##

ac_cv_env_CAIRO_CFLAGS_set=''
ac_cv_env_CAIRO_CFLAGS_value=''
ac_cv_env_CAIRO_LIBS_set=''
ac_cv_env_CAIRO_LIBS_value=''
ac_cv_env_CCASFLAGS_set=''
ac_cv_env_CCASFLAGS_value=''
ac_cv_env_CCAS_set=''
ac_cv_env_CCAS_value=''
ac_cv_env_CCC_set=''
ac_cv_env_CCC_value=''
ac_cv_env_CC_set=''
ac_cv_env_CC_value=''
ac_cv_env_CFLAGS_set=''
ac_cv_env_CFLAGS_value=''
ac_cv_env_CPPFLAGS_set=''
ac_cv_env_CPPFLAGS_value=''
ac_cv_env_CPP_set=''
ac_cv_env_CPP_value=''
ac_cv_env_CXXCPP_set=''
ac_cv_env_CXXCPP_value=''
ac_cv_env_CXXFLAGS_set=''
ac_cv_env_CXXFLAGS_value=''
ac_cv_env_CXX_set=''
ac_cv_env_CXX_value=''
ac_cv_env_FFMPEG_AVRESAMPLE_CFLAGS_set=''
ac_cv_env_FFMPEG_AVRESAMPLE_CFLAGS_value=''
ac_cv_env_FFMPEG_AVRESAMPLE_LIBS_set=''
ac_cv_env_FFMPEG_AVRESAMPLE_LIBS_value=''
ac_cv_env_FFMPEG_AV_CFLAGS_set=''
ac_cv_env_FFMPEG_AV_CFLAGS_value=''
ac_cv_env_FFMPEG_AV_LIBS_set=''
ac_cv_env_FFMPEG_AV_LIBS_value=''
ac_cv_env_FFMPEG_SWRESAMPLE_CFLAGS_set=''
ac_cv_env_FFMPEG_SWRESAMPLE_CFLAGS_value=''
ac_cv_env_FFMPEG_SWRESAMPLE_LIBS_set=''
ac_cv_env_FFMPEG_SWRESAMPLE_LIBS_value=''
ac_cv_env_FFMPEG_SWSCALE_CFLAGS_set=''
ac_cv_env_FFMPEG_SWSCALE_CFLAGS_value=''
ac_cv_env_FFMPEG_SWSCALE_LIBS_set=''
ac_cv_env_FFMPEG_SWSCALE_LIBS_value=''
ac_cv_env_GTKGL_CFLAGS_set=''
ac_cv_env_GTKGL_CFLAGS_value=''
ac_cv_env_GTKGL_LIBS_set=''
ac_cv_env_GTKGL_LIBS_value=''
ac_cv_env_GTK_CFLAGS_set=''
ac_cv_env_GTK_CFLAGS_value=''
ac_cv_env_GTK_LIBS_set=''
ac_cv_env_GTK_LIBS_value=''
ac_cv_env_LDFLAGS_set=''
ac_cv_env_LDFLAGS_value=''
ac_cv_env_LIBS_set=''
ac_cv_env_LIBS_value=''
ac_cv_env_PANGO_CFLAGS_set=''
ac_cv_env_PANGO_CFLAGS_value=''
ac_cv_env_PANGO_LIBS_set=''
ac_cv_env_PANGO_LIBS_value=''
ac_cv_env_PKG_CONFIG_set=''
ac_cv_env_PKG_CONFIG_value=''
ac_cv_env_VTE_CFLAGS_set=''
ac_cv_env_VTE_CFLAGS_value=''
ac_cv_env_VTE_LIBS_set=''
ac_cv_env_VTE_LIBS_value=''
ac_cv_env_XMKMF_set=''
ac_cv_env_XMKMF_value=''
ac_cv_env_build_alias_set=''
ac_cv_env_build_alias_value=''
ac_cv_env_host_alias_set=''
ac_cv_env_host_alias_value=''
ac_cv_env_target_alias_set=''
ac_cv_env_target_alias_value=''

## ----------------- ##
## Output variables. ##
## ----------------- ##

ACLOCAL=''
ALTERNATE_DOCDIR_FALSE=''
ALTERNATE_DOCDIR_TRUE=''
AMDEPBACKSLASH=''
AMDEP_FALSE=''
AMDEP_TRUE=''
AMIGA_COMPILE_FALSE=''
AMIGA_COMPILE_TRUE=''
AMTAR=''
AR=''
ARCH_DIR=''
ARCH_EXTRA_SUBDIR=''
ARCH_INCLUDES=''
ARCH_LIBS=''
ARCH_MAKE_BINDIST_DIR=''
ARCH_SRC_DIR=''
AUTOCONF=''
AUTOHEADER=''
AUTOMAKE=''
AWK=''
BEOS_COMPILE_FALSE=''
BEOS_COMPILE_TRUE=''
BUILD_AMIGAGUIDE_FALSE=''
BUILD_AMIGAGUIDE_TRUE=''
BUILD_CHM_FALSE=''
BUILD_CHM_TRUE=''
BUILD_HLP_FALSE=''
BUILD_HLP_TRUE=''
BUILD_IPF_FALSE=''
BUILD_IPF_TRUE=''
BUILD_PDF_FALSE=''
BUILD_PDF_TRUE=''
CAIRO_CFLAGS=''
CAIRO_LIBS=''
CATALOGS=''
CATOBJEXT=''
CC=''
CCAS=''
CCASDEPMODE=''
CCASFLAGS=''
CCDEPMODE=''
CFLAGS=''
CPP=''
CPPFLAGS=''
CROSS=''
CROSS_FALSE=''
CROSS_TRUE=''
CXX=''
CXXCPP=''
CXXDEPMODE=''
CXXFLAGS=''
CYGPATH_W=''
DATADIRNAME=''
DEBUGBUILD=''
DEFS=''
DEPDIR=''
DINGOO_NATIVE_COMPILE_FALSE=''
DINGOO_NATIVE_COMPILE_TRUE=''
DOS2UNIX=''
DOS_TFE_PCAP_LIB=''
DYNLIB_LIBS=''
ECHO_C=''
ECHO_N='-n'
ECHO_T=''
EDITLINE_LIBS=''
EGREP=''
EMBEDDED_FALSE=''
EMBEDDED_TRUE=''
ENABLE_ARCH=''
EXEEXT=''
FCCACHE=''
FFMPEGSUB=''
FFMPEG_AVRESAMPLE_CFLAGS=''
FFMPEG_AVRESAMPLE_LIBS=''
FFMPEG_AV_CFLAGS=''
FFMPEG_AV_LIBS=''
FFMPEG_DEP=''
FFMPEG_DIR=''
FFMPEG_INCLUDES=''
FFMPEG_LIBS=''
FFMPEG_SWRESAMPLE_CFLAGS=''
FFMPEG_SWRESAMPLE_LIBS=''
FFMPEG_SWSCALE_CFLAGS=''
FFMPEG_SWSCALE_LIBS=''
FULLSCREEN_DRIVERS=''
GENCAT=''
GFXOUTPUT_DRIVERS=''
GFXOUTPUT_LIBS=''
GMOFILES=''
GMSGFMT=''
GNOMEUI_FALSE=''
GNOMEUI_TRUE=''
GREP=''
GTKGL_CFLAGS=''
GTKGL_LIBS=''
GTK_CFLAGS=''
GTK_LIBS=''
HAVE_FC_CACHE_FALSE=''
HAVE_FC_CACHE_TRUE=''
HAVE_RAWDRIVE_FALSE=''
HAVE_RAWDRIVE_TRUE=''
HAVE_READLINE=''
HAVE_REALDEVICE_FALSE=''
HAVE_REALDEVICE_TRUE=''
HAVE_RESID_DTV_FALSE=''
HAVE_RESID_DTV_TRUE=''
HAVE_RESID_FALSE=''
HAVE_RESID_TRUE=''
HAVE_SHARED_FFMPEG_FALSE=''
HAVE_SHARED_FFMPEG_TRUE=''
HAVE_STATIC_FFMPEG_FALSE=''
HAVE_STATIC_FFMPEG_TRUE=''
HAVE_TRANSLATION_FALSE=''
HAVE_TRANSLATION_TRUE=''
HCRTF=''
HHC=''
INLINE_UNIT_GROWTH=''
INSTALL_DATA=''
INSTALL_PROGRAM=''
INSTALL_SCRIPT=''
INSTALL_STRIP_PROGRAM=''
INSTOBJEXT=''
INTLDEPS=''
INTLLIBS=''
INTLOBJS=''
IPFC=''
JOY_LIBS=''
LAMEMP3SUB=''
LAMEMP3_DIR_USED_FALSE=''
LAMEMP3_DIR_USED_TRUE=''
LDFLAGS=''
LEX=''
LEXLIB=''
LEX_OUTPUT_ROOT=''
LIBFFMPEGSUB=''
LIBOBJS=''
LIBS=''
LIBX264SUB=''
LINKCC=''
LN_S=''
LTLIBOBJS=''
MACOSX_COCOA_FALSE=''
MACOSX_COCOA_TRUE=''
MAKEGUIDE=''
MAKEINFO=''
MAKERTF=''
MAKE_BINDIST_FALSE=''
MAKE_BINDIST_TRUE=''
MAX_INLINE_INSN_SINGLE=''
MINIX_SUPPORT_FALSE=''
MINIX_SUPPORT_TRUE=''
MKDIR_P=''
MKFONTDIR_BIN=''
MKINSTALLDIRS=''
MSDOS_COMPILE_FALSE=''
MSDOS_COMPILE_TRUE=''
MSGFMT=''
NATIVE_TOOLS_COMPILER=''
NATIVE_TOOLS_FALSE=''
NATIVE_TOOLS_TRUE=''
NEED_READLINE_FALSE=''
NEED_READLINE_TRUE=''
NETPLAY_LIBS=''
NLS_LOCALEDIR=''
OBJC=''
OBJCDEPMODE=''
OBJCFLAGS=''
OBJEXT=''
OS2_COMPILE_FALSE=''
OS2_COMPILE_TRUE=''
OWCC_FALSE=''
OWCC_TRUE=''
PACKAGE=''
PACKAGE_BUGREPORT=''
PACKAGE_NAME=''
PACKAGE_STRING=''
PACKAGE_TARNAME=''
PACKAGE_URL=''
PACKAGE_VERSION=''
PANGO_CFLAGS=''
PANGO_LIBS=''
PATH_SEPARATOR=':'
PDFTEX=''
PERL=''
PKG_CONFIG=''
PLATFORM_DOX_FLAGS=''
POFILES=''
POSUB=''
PO_SRCDIR_PREFIX_FALSE=''
PO_SRCDIR_PREFIX_TRUE=''
PO_SUBDIR_USED_FALSE=''
PO_SUBDIR_USED_TRUE=''
QUICKTIME_INCLUDES=''
QUICKTIME_LIBS=''
RANLIB=''
READLINE=''
READLINE_LIBS=''
RESIDDTVSUB=''
RESIDSUB=''
RESID_DEP=''
RESID_DIR=''
RESID_DIR_USED_FALSE=''
RESID_DIR_USED_TRUE=''
RESID_DTV_DEP=''
RESID_DTV_DIR=''
RESID_DTV_INCLUDES=''
RESID_DTV_LIBS=''
RESID_INCLUDES=''
RESID_LIBS=''
SDL_COMPILE_FALSE=''
SDL_COMPILE_TRUE=''
SDL_EXTRA_LIBS=''
SDL_VERSION=''
SET_MAKE=''
SHELL='/bin/sh'
SOUND_AIX_OBJ=''
SOUND_DRIVERS=''
SOUND_HPUX_OBJ=''
SOUND_LIBS=''
SOUND_MIDAS_OBJ=''
SOUND_SDL_OBJ=''
SOUND_SGI_OBJ=''
SOUND_USS_OBJ=''
STRIP=''
SUPPORT_CMDLINE_TOOLS_FALSE=''
SUPPORT_CMDLINE_TOOLS_TRUE=''
SUPPORT_X64DTV_FALSE=''
SUPPORT_X64DTV_TRUE=''
SUPPORT_X64SC_FALSE=''
SUPPORT_X64SC_TRUE=''
SUPPORT_XSCPU64_FALSE=''
SUPPORT_XSCPU64_TRUE=''
SVN=''
SVNVERSION=''
SYLLABLE_COMPILE_FALSE=''
SYLLABLE_COMPILE_TRUE=''
TAR=''
TEXI2DVI=''
TEXI2IPF=''
TFE_LIBS=''
UI_LIBS=''
UNIX_COMPILE_FALSE=''
UNIX_COMPILE_TRUE=''
UNIX_DINGUX_COMPILE_FALSE=''
UNIX_DINGUX_COMPILE_TRUE=''
UNIX_HPUX_COMPILE_FALSE=''
UNIX_HPUX_COMPILE_TRUE=''
UNIX_MACOSX_COMPILE_FALSE=''
UNIX_MACOSX_COMPILE_TRUE=''
UNIX_MACOSX_UITYPE=''
UNIX_NEXTSTEP_COMPILE_FALSE=''
UNIX_NEXTSTEP_COMPILE_TRUE=''
UNIX_OPENSERVER5_COMPILE_FALSE=''
UNIX_OPENSERVER5_COMPILE_TRUE=''
UNIX_OPENSERVER6_COMPILE_FALSE=''
UNIX_OPENSERVER6_COMPILE_TRUE=''
UNIX_OPENSTEP_COMPILE_FALSE=''
UNIX_OPENSTEP_COMPILE_TRUE=''
UNIX_QNX4_COMPILE_FALSE=''
UNIX_QNX4_COMPILE_TRUE=''
UNIX_QNX6_COMPILE_FALSE=''
UNIX_QNX6_COMPILE_TRUE=''
UNIX_RHAPSODY_COMPILE_FALSE=''
UNIX_RHAPSODY_COMPILE_TRUE=''
UNIX_SCO4_COMPILE_FALSE=''
UNIX_SCO4_COMPILE_TRUE=''
UNIX_SKYOS_COMPILE_FALSE=''
UNIX_SKYOS_COMPILE_TRUE=''
UNIX_SOLARIS_COMPILE_FALSE=''
UNIX_SOLARIS_COMPILE_TRUE=''
UNIX_UNIXWARE_COMPILE_FALSE=''
UNIX_UNIXWARE_COMPILE_TRUE=''
USE_INCLUDED_LIBINTL=''
USE_MIDAS_SOUND_FALSE=''
USE_MIDAS_SOUND_TRUE=''
USE_NLS=''
USE_SVN_REVISION_FALSE=''
USE_SVN_REVISION_TRUE=''
VERSION=''
VERSION_COMBINED=''
VERSION_RC=''
VICEDIR=''
VICE_QUIET_FALSE=''
VICE_QUIET_TRUE=''
VICE_SYNC=''
VICE_UI_THREADS=''
VICE_VERSION=''
VICE_VERSION_BUILD='33'
VICE_VERSION_MAJOR='2'
VICE_VERSION_MINOR='4'
VSID_WINRES=''
VTE_CFLAGS=''
VTE_LIBS=''
WIN32_COMPILE_FALSE=''
WIN32_COMPILE_TRUE=''
WINDRES=''
WRC=''
X128_WINRES=''
X64DTV_WINRES=''
X64_WINRES=''
XCBM2_WINRES=''
XCBM5X0_WINRES=''
XGETTEXT=''
XMKMF=''
XPET_WINRES=''
XPLUS4_WINRES=''
XSCPU64_WINRES=''
XVIC_WINRES=''
X_CFLAGS=''
X_EXTRA_LIBS=''
X_LIBS=''
X_PRE_LIBS=''
YACC=''
YASM=''
ZLIB_LIBS=''
ac_ct_CC=''
ac_ct_CXX=''
am__EXEEXT_FALSE=''
am__EXEEXT_TRUE=''
am__fastdepCCAS_FALSE=''
am__fastdepCCAS_TRUE=''
am__fastdepCC_FALSE=''
am__fastdepCC_TRUE=''
am__fastdepCXX_FALSE=''
am__fastdepCXX_TRUE=''
am__fastdepOBJC_FALSE=''
am__fastdepOBJC_TRUE=''
am__include=''
am__isrc=''
am__leading_dot=''
am__nodep=''
am__quote=''
am__tar=''
am__untar=''
artsc_config=''
bindir='${exec_prefix}/bin'
build=''
build_alias=''
build_cpu=''
build_os=''
build_vendor=''
datadir='${datarootdir}'
datarootdir='${prefix}/share'
docdir='${datarootdir}/doc/${PACKAGE}'
dvidir='${docdir}'
exec_prefix='NONE'
ffmpeg_have_bash=''
host=''
host_alias=''
host_cpu=''
host_os=''
host_vendor=''
htmldir='${docdir}'
includedir='${prefix}/include'
infodir='${datarootdir}/info'
install_sh=''
libdir='${exec_prefix}/lib'
libexecdir='${exec_prefix}/libexec'
localedir='${datarootdir}/locale'
localstatedir='${prefix}/var'
mandir='${datarootdir}/man'
mkdir_p=''
oldincludedir='/usr/include'
pdfdir='${docdir}'
prefix='NONE'
program_transform_name='s,x,x,'
psdir='${docdir}'
sbindir='${exec_prefix}/sbin'
sdl2_config=''
sdl_config=''
sharedstatedir='${prefix}/com'
subdirs=''
sysconfdir='${prefix}/etc'
target_alias=''
vsid_LDFLAGS=''
x128_LDFLAGS=''
x64_LDFLAGS=''
xcbm2_LDFLAGS=''
xpet_LDFLAGS=''
xplus4_LDFLAGS=''
xscpu64_LDFLAGS=''
xvic_LDFLAGS=''

## ----------- ##
## confdefs.h. ##
## ----------- ##

/* confdefs.h */
#define PACKAGE_NAME ""
#define PACKAGE_TARNAME ""
#define PACKAGE_VERSION ""
#define PACKAGE_STRING ""
#define PACKAGE_BUGREPORT ""
#define PACKAGE_URL ""

configure: exit 1
